This file contains any messages produced by compilers while
running configure, to aid debugging if configure makes a mistake.

It was created by fixmesh configure 0.1, which was
generated by GNU Autoconf 2.63.  Invocation command line was

  $ /home/thomas/fixmesh/configure --enable-maintainer-mode CFLAGS=-g -O0 CXXFLAGS=-g -O0 JFLAGS=-g -O0 FFLAGS=-g -O0

## --------- ##
## Platform. ##
## --------- ##

hostname = thomas-desktop
uname -m = i686
uname -r = 2.6.28-15-generic
uname -s = Linux
uname -v = #49-Ubuntu SMP Tue Aug 18 18:40:08 UTC 2009

/usr/bin/uname -p = unknown
/bin/uname -X     = unknown

/bin/arch              = unknown
/usr/bin/arch -k       = unknown
/usr/convex/getsysinfo = unknown
/usr/bin/hostinfo      = unknown
/bin/machine           = unknown
/usr/bin/oslevel       = unknown
/bin/universe          = unknown

PATH: /usr/local/sbin
PATH: /usr/local/bin
PATH: /usr/sbin
PATH: /usr/bin
PATH: /sbin
PATH: /bin
PATH: /usr/games


## ----------- ##
## Core tests. ##
## ----------- ##

configure:2126: checking for a BSD-compatible install
configure:2194: result: /usr/bin/install -c
configure:2205: checking whether build environment is sane
configure:2248: result: yes
configure:2273: checking for a thread-safe mkdir -p
configure:2312: result: /bin/mkdir -p
configure:2325: checking for gawk
configure:2355: result: no
configure:2325: checking for mawk
configure:2341: found /usr/bin/mawk
configure:2352: result: mawk
configure:2363: checking whether make sets $(MAKE)
configure:2385: result: yes
configure:2571: checking whether to enable maintainer-specific portions of Makefiles
configure:2580: result: yes
configure:2606: checking for style of include used by make
configure:2634: result: GNU
configure:2704: checking for gcc
configure:2720: found /usr/bin/gcc
configure:2731: result: gcc
configure:2963: checking for C compiler version
configure:2971: gcc --version >&5
gcc (Ubuntu 4.3.3-5ubuntu4) 4.3.3
Copyright (C) 2008 Free Software Foundation, Inc.
This is free software; see the source for copying conditions.  There is NO
warranty; not even for MERCHANTABILITY or FITNESS FOR A PARTICULAR PURPOSE.

configure:2975: $? = 0
configure:2982: gcc -v >&5
Using built-in specs.
Target: i486-linux-gnu
Configured with: ../src/configure -v --with-pkgversion='Ubuntu 4.3.3-5ubuntu4' --with-bugurl=file:///usr/share/doc/gcc-4.3/README.Bugs --enable-languages=c,c++,fortran,objc,obj-c++ --prefix=/usr --enable-shared --with-system-zlib --libexecdir=/usr/lib --without-included-gettext --enable-threads=posix --enable-nls --with-gxx-include-dir=/usr/include/c++/4.3 --program-suffix=-4.3 --enable-clocale=gnu --enable-libstdcxx-debug --enable-objc-gc --enable-mpfr --enable-targets=all --with-tune=generic --enable-checking=release --build=i486-linux-gnu --host=i486-linux-gnu --target=i486-linux-gnu
Thread model: posix
gcc version 4.3.3 (Ubuntu 4.3.3-5ubuntu4) 
configure:2986: $? = 0
configure:2993: gcc -V >&5
gcc: '-V' option must have argument
configure:2997: $? = 1
configure:3020: checking for C compiler default output file name
configure:3042: gcc -g -O0   conftest.c  >&5
configure:3046: $? = 0
configure:3084: result: a.out
configure:3103: checking whether the C compiler works
configure:3113: ./a.out
configure:3117: $? = 0
configure:3136: result: yes
configure:3143: checking whether we are cross compiling
configure:3145: result: no
configure:3148: checking for suffix of executables
configure:3155: gcc -o conftest -g -O0   conftest.c  >&5
configure:3159: $? = 0
configure:3185: result: 
configure:3191: checking for suffix of object files
configure:3217: gcc -c -g -O0  conftest.c >&5
configure:3221: $? = 0
configure:3246: result: o
configure:3250: checking whether we are using the GNU C compiler
configure:3279: gcc -c -g -O0  conftest.c >&5
configure:3286: $? = 0
configure:3303: result: yes
configure:3312: checking whether gcc accepts -g
configure:3342: gcc -c -g  conftest.c >&5
configure:3349: $? = 0
configure:3450: result: yes
configure:3467: checking for gcc option to accept ISO C89
configure:3541: gcc  -c -g -O0  conftest.c >&5
configure:3548: $? = 0
configure:3571: result: none needed
configure:3591: checking dependency style of gcc
configure:3682: result: gcc3
configure:3698: checking for library containing strerror
configure:3739: gcc -o conftest -g -O0   conftest.c  >&5
configure:3746: $? = 0
configure:3777: result: none required
configure:3843: checking for g++
configure:3859: found /usr/bin/g++
configure:3870: result: g++
configure:3897: checking for C++ compiler version
configure:3905: g++ --version >&5
g++ (Ubuntu 4.3.3-5ubuntu4) 4.3.3
Copyright (C) 2008 Free Software Foundation, Inc.
This is free software; see the source for copying conditions.  There is NO
warranty; not even for MERCHANTABILITY or FITNESS FOR A PARTICULAR PURPOSE.

configure:3909: $? = 0
configure:3916: g++ -v >&5
Using built-in specs.
Target: i486-linux-gnu
Configured with: ../src/configure -v --with-pkgversion='Ubuntu 4.3.3-5ubuntu4' --with-bugurl=file:///usr/share/doc/gcc-4.3/README.Bugs --enable-languages=c,c++,fortran,objc,obj-c++ --prefix=/usr --enable-shared --with-system-zlib --libexecdir=/usr/lib --without-included-gettext --enable-threads=posix --enable-nls --with-gxx-include-dir=/usr/include/c++/4.3 --program-suffix=-4.3 --enable-clocale=gnu --enable-libstdcxx-debug --enable-objc-gc --enable-mpfr --enable-targets=all --with-tune=generic --enable-checking=release --build=i486-linux-gnu --host=i486-linux-gnu --target=i486-linux-gnu
Thread model: posix
gcc version 4.3.3 (Ubuntu 4.3.3-5ubuntu4) 
configure:3920: $? = 0
configure:3927: g++ -V >&5
g++: '-V' option must have argument
configure:3931: $? = 1
configure:3934: checking whether we are using the GNU C++ compiler
configure:3963: g++ -c -g -O0  conftest.cpp >&5
configure:3970: $? = 0
configure:3987: result: yes
configure:3996: checking whether g++ accepts -g
configure:4026: g++ -c -g  conftest.cpp >&5
configure:4033: $? = 0
configure:4134: result: yes
configure:4159: checking dependency style of g++
configure:4250: result: gcc3
configure:4313: checking for gcc
configure:4340: result: gcc
configure:4572: checking for C compiler version
configure:4580: gcc --version >&5
gcc (Ubuntu 4.3.3-5ubuntu4) 4.3.3
Copyright (C) 2008 Free Software Foundation, Inc.
This is free software; see the source for copying conditions.  There is NO
warranty; not even for MERCHANTABILITY or FITNESS FOR A PARTICULAR PURPOSE.

configure:4584: $? = 0
configure:4591: gcc -v >&5
Using built-in specs.
Target: i486-linux-gnu
Configured with: ../src/configure -v --with-pkgversion='Ubuntu 4.3.3-5ubuntu4' --with-bugurl=file:///usr/share/doc/gcc-4.3/README.Bugs --enable-languages=c,c++,fortran,objc,obj-c++ --prefix=/usr --enable-shared --with-system-zlib --libexecdir=/usr/lib --without-included-gettext --enable-threads=posix --enable-nls --with-gxx-include-dir=/usr/include/c++/4.3 --program-suffix=-4.3 --enable-clocale=gnu --enable-libstdcxx-debug --enable-objc-gc --enable-mpfr --enable-targets=all --with-tune=generic --enable-checking=release --build=i486-linux-gnu --host=i486-linux-gnu --target=i486-linux-gnu
Thread model: posix
gcc version 4.3.3 (Ubuntu 4.3.3-5ubuntu4) 
configure:4595: $? = 0
configure:4602: gcc -V >&5
gcc: '-V' option must have argument
configure:4606: $? = 1
configure:4609: checking whether we are using the GNU C compiler
configure:4662: result: yes
configure:4671: checking whether gcc accepts -g
configure:4809: result: yes
configure:4826: checking for gcc option to accept ISO C89
configure:4930: result: none needed
configure:4950: checking dependency style of gcc
configure:5041: result: gcc3
configure:5064: checking how to run the C preprocessor
configure:5104: gcc -E  conftest.c
configure:5111: $? = 0
configure:5142: gcc -E  conftest.c
conftest.c:10:28: error: ac_nonexistent.h: No such file or directory
configure:5149: $? = 1
configure: failed program was:
| /* confdefs.h.  */
| #define PACKAGE_NAME "fixmesh"
| #define PACKAGE_TARNAME "fixmesh"
| #define PACKAGE_VERSION "0.1"
| #define PACKAGE_STRING "fixmesh 0.1"
| #define PACKAGE_BUGREPORT ""
| #define PACKAGE "fixmesh"
| #define VERSION "0.1"
| /* end confdefs.h.  */
| #include <ac_nonexistent.h>
configure:5182: result: gcc -E
configure:5211: gcc -E  conftest.c
configure:5218: $? = 0
configure:5249: gcc -E  conftest.c
conftest.c:10:28: error: ac_nonexistent.h: No such file or directory
configure:5256: $? = 1
configure: failed program was:
| /* confdefs.h.  */
| #define PACKAGE_NAME "fixmesh"
| #define PACKAGE_TARNAME "fixmesh"
| #define PACKAGE_VERSION "0.1"
| #define PACKAGE_STRING "fixmesh 0.1"
| #define PACKAGE_BUGREPORT ""
| #define PACKAGE "fixmesh"
| #define VERSION "0.1"
| /* end confdefs.h.  */
| #include <ac_nonexistent.h>
configure:5296: checking for grep that handles long lines and -e
configure:5356: result: /bin/grep
configure:5361: checking for egrep
configure:5425: result: /bin/grep -E
configure:5430: checking for ANSI C header files
configure:5460: gcc -c -g -O0  conftest.c >&5
configure:5467: $? = 0
configure:5566: gcc -o conftest -g -O0   conftest.c  >&5
configure:5570: $? = 0
configure:5576: ./conftest
configure:5580: $? = 0
configure:5598: result: yes
configure:5633: checking for sys/types.h
configure:5654: gcc -c -g -O0  conftest.c >&5
configure:5661: $? = 0
configure:5678: result: yes
configure:5633: checking for sys/stat.h
configure:5654: gcc -c -g -O0  conftest.c >&5
configure:5661: $? = 0
configure:5678: result: yes
configure:5633: checking for stdlib.h
configure:5654: gcc -c -g -O0  conftest.c >&5
configure:5661: $? = 0
configure:5678: result: yes
configure:5633: checking for string.h
configure:5654: gcc -c -g -O0  conftest.c >&5
configure:5661: $? = 0
configure:5678: result: yes
configure:5633: checking for memory.h
configure:5654: gcc -c -g -O0  conftest.c >&5
configure:5661: $? = 0
configure:5678: result: yes
configure:5633: checking for strings.h
configure:5654: gcc -c -g -O0  conftest.c >&5
configure:5661: $? = 0
configure:5678: result: yes
configure:5633: checking for inttypes.h
configure:5654: gcc -c -g -O0  conftest.c >&5
configure:5661: $? = 0
configure:5678: result: yes
configure:5633: checking for stdint.h
configure:5654: gcc -c -g -O0  conftest.c >&5
configure:5661: $? = 0
configure:5678: result: yes
configure:5633: checking for unistd.h
configure:5654: gcc -c -g -O0  conftest.c >&5
configure:5661: $? = 0
configure:5678: result: yes
configure:5709: checking locale.h usability
configure:5726: gcc -c -g -O0  conftest.c >&5
configure:5733: $? = 0
configure:5747: result: yes
configure:5751: checking locale.h presence
configure:5766: gcc -E  conftest.c
configure:5773: $? = 0
configure:5787: result: yes
configure:5815: checking for locale.h
configure:5824: result: yes
configure:5840: checking for LC_MESSAGES
configure:5866: gcc -o conftest -g -O0   conftest.c  >&5
configure:5873: $? = 0
configure:5893: result: yes
configure:5922: checking libintl.h usability
configure:5939: gcc -c -g -O0  conftest.c >&5
configure:5946: $? = 0
configure:5960: result: yes
configure:5964: checking libintl.h presence
configure:5979: gcc -E  conftest.c
configure:5986: $? = 0
configure:6000: result: yes
configure:6028: checking for libintl.h
configure:6035: result: yes
configure:6046: checking for ngettext in libc
configure:6074: gcc -o conftest -g -O0   conftest.c  >&5
configure:6081: $? = 0
configure:6102: result: yes
configure:6106: checking for dgettext in libc
configure:6134: gcc -o conftest -g -O0   conftest.c  >&5
configure:6141: $? = 0
configure:6162: result: yes
configure:6171: checking for bind_textdomain_codeset
configure:6227: gcc -o conftest -g -O0   conftest.c  >&5
configure:6234: $? = 0
configure:6256: result: yes
configure:6772: checking for msgfmt
configure:6799: result: /usr/bin/msgfmt
configure:6812: checking for dcgettext
configure:6868: gcc -o conftest -g -O0   conftest.c   >&5
conftest.c:48: warning: conflicting types for built-in function 'dcgettext'
configure:6875: $? = 0
configure:6897: result: yes
configure:6910: checking if msgfmt accepts -c
configure:6925: $MSGFMT -c -o /dev/null conftest.foo
configure:6928: $? = 0
configure:6930: result: yes
configure:6940: checking for gmsgfmt
configure:6971: result: /usr/bin/msgfmt
configure:6981: checking for xgettext
configure:7008: result: /usr/bin/xgettext
configure:7037: gcc -o conftest -g -O0   conftest.c   >&5
configure:7044: $? = 0
configure:7278: checking whether NLS is requested
configure:7287: result: yes
configure:7304: checking for intltool >= 0.35.0
configure:7311: result: 0.40.6 found
configure:7321: checking for intltool-update
configure:7339: found /usr/bin/intltool-update
configure:7351: result: /usr/bin/intltool-update
configure:7361: checking for intltool-merge
configure:7379: found /usr/bin/intltool-merge
configure:7391: result: /usr/bin/intltool-merge
configure:7401: checking for intltool-extract
configure:7419: found /usr/bin/intltool-extract
configure:7431: result: /usr/bin/intltool-extract
configure:7564: checking for xgettext
configure:7594: result: /usr/bin/xgettext
configure:7604: checking for msgmerge
configure:7622: found /usr/bin/msgmerge
configure:7634: result: /usr/bin/msgmerge
configure:7644: checking for msgfmt
configure:7674: result: /usr/bin/msgfmt
configure:7684: checking for gmsgfmt
configure:7715: result: /usr/bin/msgfmt
configure:7739: checking for perl
configure:7757: found /usr/bin/perl
configure:7769: result: /usr/bin/perl
configure:7782: checking for perl >= 5.8.1
configure:7791: result: 5.10.0
configure:7795: checking for XML::Parser
configure:7798: result: ok
configure:7998: checking build system type
configure:8016: result: i686-pc-linux-gnu
configure:8038: checking host system type
configure:8053: result: i686-pc-linux-gnu
configure:8075: checking for a sed that does not truncate output
configure:8141: result: /bin/sed
configure:8159: checking for fgrep
configure:8223: result: /bin/grep -F
configure:8258: checking for ld used by gcc
configure:8325: result: /usr/bin/ld
configure:8334: checking if the linker (/usr/bin/ld) is GNU ld
configure:8349: result: yes
configure:8361: checking for BSD- or MS-compatible name lister (nm)
configure:8410: result: /usr/bin/nm -B
configure:8528: checking the name lister (/usr/bin/nm -B) interface
configure:8535: gcc -c -g -O0  conftest.c >&5
configure:8538: /usr/bin/nm -B "conftest.o"
configure:8541: output
00000000 B some_variable
configure:8548: result: BSD nm
configure:8551: checking whether ln -s works
configure:8555: result: yes
configure:8563: checking the maximum length of command line arguments
configure:8683: result: 1572864
configure:8700: checking whether the shell understands some XSI constructs
configure:8710: result: yes
configure:8714: checking whether the shell understands "+="
configure:8720: result: yes
configure:8755: checking for /usr/bin/ld option to reload object files
configure:8762: result: -r
configure:8831: checking for objdump
configure:8847: found /usr/bin/objdump
configure:8858: result: objdump
configure:8890: checking how to recognize dependent libraries
configure:9086: result: pass_all
configure:9146: checking for ar
configure:9162: found /usr/bin/ar
configure:9173: result: ar
configure:9251: checking for strip
configure:9267: found /usr/bin/strip
configure:9278: result: strip
configure:9350: checking for ranlib
configure:9366: found /usr/bin/ranlib
configure:9377: result: ranlib
configure:9467: checking command to parse /usr/bin/nm -B output from gcc object
configure:9585: gcc -c -g -O0  conftest.c >&5
configure:9588: $? = 0
configure:9592: /usr/bin/nm -B conftest.o \| sed -n -e 's/^.*[	 ]\([ABCDGIRSTW][ABCDGIRSTW]*\)[	 ][	 ]*\([_A-Za-z][_A-Za-z0-9]*\)$/\1 \2 \2/p' \> conftest.nm
configure:9595: $? = 0
configure:9649: gcc -o conftest -g -O0   conftest.c conftstm.o >&5
configure:9652: $? = 0
configure:9690: result: ok
configure:10555: checking for dlfcn.h
configure:10576: gcc -c -g -O0  conftest.c >&5
configure:10583: $? = 0
configure:10600: result: yes
configure:10727: checking for C++ compiler version
configure:10735: g++ --version >&5
g++ (Ubuntu 4.3.3-5ubuntu4) 4.3.3
Copyright (C) 2008 Free Software Foundation, Inc.
This is free software; see the source for copying conditions.  There is NO
warranty; not even for MERCHANTABILITY or FITNESS FOR A PARTICULAR PURPOSE.

configure:10739: $? = 0
configure:10746: g++ -v >&5
Using built-in specs.
Target: i486-linux-gnu
Configured with: ../src/configure -v --with-pkgversion='Ubuntu 4.3.3-5ubuntu4' --with-bugurl=file:///usr/share/doc/gcc-4.3/README.Bugs --enable-languages=c,c++,fortran,objc,obj-c++ --prefix=/usr --enable-shared --with-system-zlib --libexecdir=/usr/lib --without-included-gettext --enable-threads=posix --enable-nls --with-gxx-include-dir=/usr/include/c++/4.3 --program-suffix=-4.3 --enable-clocale=gnu --enable-libstdcxx-debug --enable-objc-gc --enable-mpfr --enable-targets=all --with-tune=generic --enable-checking=release --build=i486-linux-gnu --host=i486-linux-gnu --target=i486-linux-gnu
Thread model: posix
gcc version 4.3.3 (Ubuntu 4.3.3-5ubuntu4) 
configure:10750: $? = 0
configure:10757: g++ -V >&5
g++: '-V' option must have argument
configure:10761: $? = 1
configure:10764: checking whether we are using the GNU C++ compiler
configure:10817: result: yes
configure:10826: checking whether g++ accepts -g
configure:10964: result: yes
configure:10989: checking dependency style of g++
configure:11080: result: gcc3
configure:11103: checking how to run the C++ preprocessor
configure:11139: g++ -E  conftest.cpp
configure:11146: $? = 0
configure:11177: g++ -E  conftest.cpp
conftest.cpp:28:28: error: ac_nonexistent.h: No such file or directory
configure:11184: $? = 1
configure: failed program was:
| /* confdefs.h.  */
| #define PACKAGE_NAME "fixmesh"
| #define PACKAGE_TARNAME "fixmesh"
| #define PACKAGE_VERSION "0.1"
| #define PACKAGE_STRING "fixmesh 0.1"
| #define PACKAGE_BUGREPORT ""
| #define PACKAGE "fixmesh"
| #define VERSION "0.1"
| #define STDC_HEADERS 1
| #define GETTEXT_PACKAGE "fixmesh"
| #define HAVE_SYS_TYPES_H 1
| #define HAVE_SYS_STAT_H 1
| #define HAVE_STDLIB_H 1
| #define HAVE_STRING_H 1
| #define HAVE_MEMORY_H 1
| #define HAVE_STRINGS_H 1
| #define HAVE_INTTYPES_H 1
| #define HAVE_STDINT_H 1
| #define HAVE_UNISTD_H 1
| #define HAVE_LOCALE_H 1
| #define HAVE_LC_MESSAGES 1
| #define HAVE_BIND_TEXTDOMAIN_CODESET 1
| #define HAVE_GETTEXT 1
| #define HAVE_DCGETTEXT 1
| #define ENABLE_NLS 1
| #define HAVE_DLFCN_H 1
| /* end confdefs.h.  */
| #include <ac_nonexistent.h>
configure:11217: result: g++ -E
configure:11246: g++ -E  conftest.cpp
configure:11253: $? = 0
configure:11284: g++ -E  conftest.cpp
conftest.cpp:28:28: error: ac_nonexistent.h: No such file or directory
configure:11291: $? = 1
configure: failed program was:
| /* confdefs.h.  */
| #define PACKAGE_NAME "fixmesh"
| #define PACKAGE_TARNAME "fixmesh"
| #define PACKAGE_VERSION "0.1"
| #define PACKAGE_STRING "fixmesh 0.1"
| #define PACKAGE_BUGREPORT ""
| #define PACKAGE "fixmesh"
| #define VERSION "0.1"
| #define STDC_HEADERS 1
| #define GETTEXT_PACKAGE "fixmesh"
| #define HAVE_SYS_TYPES_H 1
| #define HAVE_SYS_STAT_H 1
| #define HAVE_STDLIB_H 1
| #define HAVE_STRING_H 1
| #define HAVE_MEMORY_H 1
| #define HAVE_STRINGS_H 1
| #define HAVE_INTTYPES_H 1
| #define HAVE_STDINT_H 1
| #define HAVE_UNISTD_H 1
| #define HAVE_LOCALE_H 1
| #define HAVE_LC_MESSAGES 1
| #define HAVE_BIND_TEXTDOMAIN_CODESET 1
| #define HAVE_GETTEXT 1
| #define HAVE_DCGETTEXT 1
| #define ENABLE_NLS 1
| #define HAVE_DLFCN_H 1
| /* end confdefs.h.  */
| #include <ac_nonexistent.h>
configure:11505: checking for objdir
configure:11520: result: .libs
configure:11812: checking if gcc supports -fno-rtti -fno-exceptions
configure:11830: gcc -c -g -O0  -fno-rtti -fno-exceptions conftest.c >&5
cc1: warning: command line option "-fno-rtti" is valid for C++/ObjC++ but not for C
configure:11834: $? = 0
configure:11847: result: no
configure:11867: checking for gcc option to produce PIC
configure:12139: result: -fPIC -DPIC
configure:12151: checking if gcc PIC flag -fPIC -DPIC works
configure:12169: gcc -c -g -O0  -fPIC -DPIC -DPIC conftest.c >&5
configure:12173: $? = 0
configure:12186: result: yes
configure:12210: checking if gcc static flag -static works
configure:12238: result: yes
configure:12253: checking if gcc supports -c -o file.o
configure:12274: gcc -c -g -O0  -o out/conftest2.o conftest.c >&5
configure:12278: $? = 0
configure:12300: result: yes
configure:12308: checking if gcc supports -c -o file.o
configure:12355: result: yes
configure:12388: checking whether the gcc linker (/usr/bin/ld) supports shared libraries
configure:13463: result: yes
configure:13500: checking whether -lc should be explicitly linked in
configure:13505: gcc -c -g -O0  conftest.c >&5
configure:13508: $? = 0
configure:13523: gcc -shared conftest.o  -v -Wl,-soname -Wl,conftest -o conftest 2\>\&1 \| /bin/grep  -lc  \>/dev/null 2\>\&1
configure:13526: $? = 0
configure:13538: result: no
configure:13702: checking dynamic linker characteristics
configure:14145: gcc -o conftest -g -O0   -Wl,-rpath -Wl,/foo conftest.c  >&5
configure:14152: $? = 0
configure:14397: result: GNU/Linux ld.so
configure:14499: checking how to hardcode library paths into programs
configure:14524: result: immediate
configure:15357: checking whether stripping libraries is possible
configure:15362: result: yes
configure:15397: checking if libtool supports shared libraries
configure:15399: result: yes
configure:15402: checking whether to build shared libraries
configure:15423: result: yes
configure:15426: checking whether to build static libraries
configure:15430: result: yes
configure:15580: checking for ld used by g++
configure:15647: result: /usr/bin/ld
configure:15656: checking if the linker (/usr/bin/ld) is GNU ld
configure:15671: result: yes
configure:15726: checking whether the g++ linker (/usr/bin/ld) supports shared libraries
configure:16701: result: yes
configure:16729: g++ -c -g -O0  conftest.cpp >&5
configure:16732: $? = 0
configure:16914: checking for g++ option to produce PIC
configure:17231: result: -fPIC -DPIC
configure:17240: checking if g++ PIC flag -fPIC -DPIC works
configure:17258: g++ -c -g -O0  -fPIC -DPIC -DPIC conftest.cpp >&5
configure:17262: $? = 0
configure:17275: result: yes
configure:17296: checking if g++ static flag -static works
configure:17324: result: yes
configure:17336: checking if g++ supports -c -o file.o
configure:17357: g++ -c -g -O0  -o out/conftest2.o conftest.cpp >&5
configure:17361: $? = 0
configure:17383: result: yes
configure:17388: checking if g++ supports -c -o file.o
configure:17435: result: yes
configure:17465: checking whether the g++ linker (/usr/bin/ld) supports shared libraries
configure:17494: result: yes
configure:17631: checking dynamic linker characteristics
configure:18022: g++ -o conftest -g -O0   -Wl,-rpath -Wl,/foo conftest.cpp  >&5
configure:18029: $? = 0
configure:18274: result: GNU/Linux ld.so
configure:18325: checking how to hardcode library paths into programs
configure:18350: result: immediate
configure:18564: creating ./config.status

## ---------------------- ##
## Running config.status. ##
## ---------------------- ##

This file was extended by fixmesh config.status 0.1, which was
generated by GNU Autoconf 2.63.  Invocation command line was

  CONFIG_FILES    = 
  CONFIG_HEADERS  = 
  CONFIG_LINKS    = 
  CONFIG_COMMANDS = 
  $ ./config.status 

on thomas-desktop

config.status:1117: creating Makefile
config.status:1117: creating src/Makefile
config.status:1117: creating po/Makefile.in
config.status:1117: creating config.h
config.status:1332: config.h is unchanged
config.status:1384: executing depfiles commands
config.status:1384: executing default-1 commands
config.status:1384: executing libtool commands
config.status:1384: executing po/stamp-it commands

## ---------------- ##
## Cache variables. ##
## ---------------- ##

ac_cv_build=i686-pc-linux-gnu
ac_cv_c_compiler_gnu=yes
ac_cv_cxx_compiler_gnu=yes
ac_cv_env_CCC_set=
ac_cv_env_CCC_value=
ac_cv_env_CC_set=
ac_cv_env_CC_value=
ac_cv_env_CFLAGS_set=set
ac_cv_env_CFLAGS_value='-g -O0'
ac_cv_env_CPPFLAGS_set=
ac_cv_env_CPPFLAGS_value=
ac_cv_env_CPP_set=
ac_cv_env_CPP_value=
ac_cv_env_CXXCPP_set=
ac_cv_env_CXXCPP_value=
ac_cv_env_CXXFLAGS_set=set
ac_cv_env_CXXFLAGS_value='-g -O0'
ac_cv_env_CXX_set=
ac_cv_env_CXX_value=
ac_cv_env_LDFLAGS_set=
ac_cv_env_LDFLAGS_value=
ac_cv_env_LIBS_set=
ac_cv_env_LIBS_value=
ac_cv_env_build_alias_set=
ac_cv_env_build_alias_value=
ac_cv_env_host_alias_set=
ac_cv_env_host_alias_value=
ac_cv_env_target_alias_set=
ac_cv_env_target_alias_value=
ac_cv_func_bind_textdomain_codeset=yes
ac_cv_func_dcgettext=yes
ac_cv_header_dlfcn_h=yes
ac_cv_header_inttypes_h=yes
ac_cv_header_libintl_h=yes
ac_cv_header_locale_h=yes
ac_cv_header_memory_h=yes
ac_cv_header_stdc=yes
ac_cv_header_stdint_h=yes
ac_cv_header_stdlib_h=yes
ac_cv_header_string_h=yes
ac_cv_header_strings_h=yes
ac_cv_header_sys_stat_h=yes
ac_cv_header_sys_types_h=yes
ac_cv_header_unistd_h=yes
ac_cv_host=i686-pc-linux-gnu
ac_cv_objext=o
ac_cv_path_EGREP='/bin/grep -E'
ac_cv_path_FGREP='/bin/grep -F'
ac_cv_path_GMSGFMT=/usr/bin/msgfmt
ac_cv_path_GREP=/bin/grep
ac_cv_path_INTLTOOL_EXTRACT=/usr/bin/intltool-extract
ac_cv_path_INTLTOOL_MERGE=/usr/bin/intltool-merge
ac_cv_path_INTLTOOL_PERL=/usr/bin/perl
ac_cv_path_INTLTOOL_UPDATE=/usr/bin/intltool-update
ac_cv_path_MSGFMT=/usr/bin/msgfmt
ac_cv_path_MSGMERGE=/usr/bin/msgmerge
ac_cv_path_SED=/bin/sed
ac_cv_path_XGETTEXT=/usr/bin/xgettext
ac_cv_path_install='/usr/bin/install -c'
ac_cv_path_mkdir=/bin/mkdir
ac_cv_prog_AWK=mawk
ac_cv_prog_CPP='gcc -E'
ac_cv_prog_CXXCPP='g++ -E'
ac_cv_prog_ac_ct_AR=ar
ac_cv_prog_ac_ct_CC=gcc
ac_cv_prog_ac_ct_CXX=g++
ac_cv_prog_ac_ct_OBJDUMP=objdump
ac_cv_prog_ac_ct_RANLIB=ranlib
ac_cv_prog_ac_ct_STRIP=strip
ac_cv_prog_cc_c89=
ac_cv_prog_cc_g=yes
ac_cv_prog_cxx_g=yes
ac_cv_prog_make_make_set=yes
ac_cv_search_strerror='none required'
am_cv_CC_dependencies_compiler_type=gcc3
am_cv_CXX_dependencies_compiler_type=gcc3
am_cv_prog_cc_stdc=
am_cv_val_LC_MESSAGES=yes
gt_cv_func_dgettext_libc=yes
gt_cv_func_dgettext_libintl=no
gt_cv_func_ngettext_libc=yes
gt_cv_have_gettext=yes
lt_cv_deplibs_check_method=pass_all
lt_cv_file_magic_cmd='$MAGIC_CMD'
lt_cv_file_magic_test_file=
lt_cv_ld_reload_flag=-r
lt_cv_nm_interface='BSD nm'
lt_cv_objdir=.libs
lt_cv_path_LD=/usr/bin/ld
lt_cv_path_LDCXX=/usr/bin/ld
lt_cv_path_NM='/usr/bin/nm -B'
lt_cv_prog_compiler_c_o=yes
lt_cv_prog_compiler_c_o_CXX=yes
lt_cv_prog_compiler_pic_works=yes
lt_cv_prog_compiler_pic_works_CXX=yes
lt_cv_prog_compiler_rtti_exceptions=no
lt_cv_prog_compiler_static_works=yes
lt_cv_prog_compiler_static_works_CXX=yes
lt_cv_prog_gnu_ld=yes
lt_cv_prog_gnu_ldcxx=yes
lt_cv_sys_global_symbol_pipe='sed -n -e '\''s/^.*[	 ]\([ABCDGIRSTW][ABCDGIRSTW]*\)[	 ][	 ]*\([_A-Za-z][_A-Za-z0-9]*\)$/\1 \2 \2/p'\'''
lt_cv_sys_global_symbol_to_c_name_address='sed -n -e '\''s/^: \([^ ]*\) $/  {\"\1\", (void *) 0},/p'\'' -e '\''s/^[ABCDGIRSTW]* \([^ ]*\) \([^ ]*\)$/  {"\2", (void *) \&\2},/p'\'''
lt_cv_sys_global_symbol_to_c_name_address_lib_prefix='sed -n -e '\''s/^: \([^ ]*\) $/  {\"\1\", (void *) 0},/p'\'' -e '\''s/^[ABCDGIRSTW]* \([^ ]*\) \(lib[^ ]*\)$/  {"\2", (void *) \&\2},/p'\'' -e '\''s/^[ABCDGIRSTW]* \([^ ]*\) \([^ ]*\)$/  {"lib\2", (void *) \&\2},/p'\'''
lt_cv_sys_global_symbol_to_cdecl='sed -n -e '\''s/^T .* \(.*\)$/extern int \1();/p'\'' -e '\''s/^[ABCDGIRSTW]* .* \(.*\)$/extern char \1;/p'\'''
lt_cv_sys_max_cmd_len=1572864

## ----------------- ##
## Output variables. ##
## ----------------- ##

ACLOCAL='${SHELL} /home/thomas/fixmesh/missing --run aclocal-1.10'
ALL_LINGUAS=''
AMDEPBACKSLASH='\'
AMDEP_FALSE='#'
AMDEP_TRUE=''
AMTAR='${SHELL} /home/thomas/fixmesh/missing --run tar'
AR='ar'
AUTOCONF='${SHELL} /home/thomas/fixmesh/missing --run autoconf'
AUTOHEADER='${SHELL} /home/thomas/fixmesh/missing --run autoheader'
AUTOMAKE='${SHELL} /home/thomas/fixmesh/missing --run automake-1.10'
AWK='mawk'
CATALOGS=''
CATOBJEXT='.gmo'
CC='gcc'
CCDEPMODE='depmode=gcc3'
CFLAGS='-g -O0'
CPP='gcc -E'
CPPFLAGS=''
CXX='g++'
CXXCPP='g++ -E'
CXXDEPMODE='depmode=gcc3'
CXXFLAGS='-g -O0'
CYGPATH_W='echo'
DATADIRNAME='share'
DEFS='-DHAVE_CONFIG_H'
DEPDIR='.deps'
DSYMUTIL=''
DUMPBIN=''
ECHO_C=''
ECHO_N='-n'
ECHO_T=''
EGREP='/bin/grep -E'
EXEEXT=''
FGREP='/bin/grep -F'
GETTEXT_PACKAGE='fixmesh'
GMOFILES=''
GMSGFMT='/usr/bin/msgfmt'
GREP='/bin/grep'
INSTALL_DATA='${INSTALL} -m 644'
INSTALL_PROGRAM='${INSTALL}'
INSTALL_SCRIPT='${INSTALL}'
INSTALL_STRIP_PROGRAM='$(install_sh) -c -s'
INSTOBJEXT='.mo'
INTLLIBS=''
INTLTOOL_CAVES_RULE='%.caves:     %.caves.in     $(INTLTOOL_MERGE) $(wildcard $(top_srcdir)/po/*.po) ; LC_ALL=C $(INTLTOOL_MERGE) -d -u -c $(top_builddir)/po/.intltool-merge-cache $(top_srcdir)/po $< $@'
INTLTOOL_DESKTOP_RULE='%.desktop:   %.desktop.in   $(INTLTOOL_MERGE) $(wildcard $(top_srcdir)/po/*.po) ; LC_ALL=C $(INTLTOOL_MERGE) -d -u -c $(top_builddir)/po/.intltool-merge-cache $(top_srcdir)/po $< $@'
INTLTOOL_DIRECTORY_RULE='%.directory: %.directory.in $(INTLTOOL_MERGE) $(wildcard $(top_srcdir)/po/*.po) ; LC_ALL=C $(INTLTOOL_MERGE) -d -u -c $(top_builddir)/po/.intltool-merge-cache $(top_srcdir)/po $< $@'
INTLTOOL_EXTRACT='/usr/bin/intltool-extract'
INTLTOOL_KBD_RULE='%.kbd:       %.kbd.in       $(INTLTOOL_MERGE) $(wildcard $(top_srcdir)/po/*.po) ; LC_ALL=C $(INTLTOOL_MERGE) -x -u -m -c $(top_builddir)/po/.intltool-merge-cache $(top_srcdir)/po $< $@'
INTLTOOL_KEYS_RULE='%.keys:      %.keys.in      $(INTLTOOL_MERGE) $(wildcard $(top_srcdir)/po/*.po) ; LC_ALL=C $(INTLTOOL_MERGE) -k -u -c $(top_builddir)/po/.intltool-merge-cache $(top_srcdir)/po $< $@'
INTLTOOL_MERGE='/usr/bin/intltool-merge'
INTLTOOL_OAF_RULE='%.oaf:       %.oaf.in       $(INTLTOOL_MERGE) $(wildcard $(top_srcdir)/po/*.po) ; LC_ALL=C $(INTLTOOL_MERGE) -o -p $(top_srcdir)/po $< $@'
INTLTOOL_PERL='/usr/bin/perl'
INTLTOOL_POLICY_RULE='%.policy:    %.policy.in    $(INTLTOOL_MERGE) $(wildcard $(top_srcdir)/po/*.po) ; LC_ALL=C $(INTLTOOL_MERGE) -x -u -c $(top_builddir)/po/.intltool-merge-cache $(top_srcdir)/po $< $@'
INTLTOOL_PONG_RULE='%.pong:      %.pong.in      $(INTLTOOL_MERGE) $(wildcard $(top_srcdir)/po/*.po) ; LC_ALL=C $(INTLTOOL_MERGE) -x -u -c $(top_builddir)/po/.intltool-merge-cache $(top_srcdir)/po $< $@'
INTLTOOL_PROP_RULE='%.prop:      %.prop.in      $(INTLTOOL_MERGE) $(wildcard $(top_srcdir)/po/*.po) ; LC_ALL=C $(INTLTOOL_MERGE) -d -u -c $(top_builddir)/po/.intltool-merge-cache $(top_srcdir)/po $< $@'
INTLTOOL_SCHEMAS_RULE='%.schemas:   %.schemas.in   $(INTLTOOL_MERGE) $(wildcard $(top_srcdir)/po/*.po) ; LC_ALL=C $(INTLTOOL_MERGE) -s -u -c $(top_builddir)/po/.intltool-merge-cache $(top_srcdir)/po $< $@'
INTLTOOL_SERVER_RULE='%.server:    %.server.in    $(INTLTOOL_MERGE) $(wildcard $(top_srcdir)/po/*.po) ; LC_ALL=C $(INTLTOOL_MERGE) -o -u -c $(top_builddir)/po/.intltool-merge-cache $(top_srcdir)/po $< $@'
INTLTOOL_SERVICE_RULE='%.service: %.service.in   $(INTLTOOL_MERGE) $(wildcard $(top_srcdir)/po/*.po) ; LC_ALL=C $(INTLTOOL_MERGE) -d -u -c $(top_builddir)/po/.intltool-merge-cache $(top_srcdir)/po $< $@'
INTLTOOL_SHEET_RULE='%.sheet:     %.sheet.in     $(INTLTOOL_MERGE) $(wildcard $(top_srcdir)/po/*.po) ; LC_ALL=C $(INTLTOOL_MERGE) -x -u -c $(top_builddir)/po/.intltool-merge-cache $(top_srcdir)/po $< $@'
INTLTOOL_SOUNDLIST_RULE='%.soundlist: %.soundlist.in $(INTLTOOL_MERGE) $(wildcard $(top_srcdir)/po/*.po) ; LC_ALL=C $(INTLTOOL_MERGE) -d -u -c $(top_builddir)/po/.intltool-merge-cache $(top_srcdir)/po $< $@'
INTLTOOL_THEME_RULE='%.theme:     %.theme.in     $(INTLTOOL_MERGE) $(wildcard $(top_srcdir)/po/*.po) ; LC_ALL=C $(INTLTOOL_MERGE) -d -u -c $(top_builddir)/po/.intltool-merge-cache $(top_srcdir)/po $< $@'
INTLTOOL_UI_RULE='%.ui:        %.ui.in        $(INTLTOOL_MERGE) $(wildcard $(top_srcdir)/po/*.po) ; LC_ALL=C $(INTLTOOL_MERGE) -x -u -c $(top_builddir)/po/.intltool-merge-cache $(top_srcdir)/po $< $@'
INTLTOOL_UPDATE='/usr/bin/intltool-update'
INTLTOOL_XAM_RULE='%.xam:       %.xml.in       $(INTLTOOL_MERGE) $(wildcard $(top_srcdir)/po/*.po) ; LC_ALL=C $(INTLTOOL_MERGE) -x -u -c $(top_builddir)/po/.intltool-merge-cache $(top_srcdir)/po $< $@'
INTLTOOL_XML_NOMERGE_RULE='%.xml:       %.xml.in       $(INTLTOOL_MERGE) ; LC_ALL=C $(INTLTOOL_MERGE) -x -u /tmp $< $@'
INTLTOOL_XML_RULE='%.xml:       %.xml.in       $(INTLTOOL_MERGE) $(wildcard $(top_srcdir)/po/*.po) ; LC_ALL=C $(INTLTOOL_MERGE) -x -u -c $(top_builddir)/po/.intltool-merge-cache $(top_srcdir)/po $< $@'
LD='/usr/bin/ld'
LDFLAGS=''
LIBOBJS=''
LIBS=''
LIBTOOL='$(SHELL) $(top_builddir)/libtool'
LIPO=''
LN_S='ln -s'
LTLIBOBJS=''
MAINT=''
MAINTAINER_MODE_FALSE='#'
MAINTAINER_MODE_TRUE=''
MAKEINFO='${SHELL} /home/thomas/fixmesh/missing --run makeinfo'
MKDIR_P='/bin/mkdir -p'
MKINSTALLDIRS='/home/thomas/fixmesh/mkinstalldirs'
MSGFMT='/usr/bin/msgfmt'
MSGFMT_OPTS='-c'
MSGMERGE='/usr/bin/msgmerge'
NM='/usr/bin/nm -B'
NMEDIT=''
OBJDUMP='objdump'
OBJEXT='o'
OTOOL64=''
OTOOL=''
PACKAGE='fixmesh'
PACKAGE_BUGREPORT=''
PACKAGE_NAME='fixmesh'
PACKAGE_STRING='fixmesh 0.1'
PACKAGE_TARNAME='fixmesh'
PACKAGE_VERSION='0.1'
PATH_SEPARATOR=':'
POFILES=''
POSUB='po'
PO_IN_DATADIR_FALSE=''
PO_IN_DATADIR_TRUE=''
RANLIB='ranlib'
SED='/bin/sed'
SET_MAKE=''
SHELL='/bin/bash'
STRIP='strip'
USE_NLS='yes'
VERSION='0.1'
XGETTEXT='/usr/bin/xgettext'
ac_ct_CC='gcc'
ac_ct_CXX='g++'
ac_ct_DUMPBIN=''
am__fastdepCC_FALSE='#'
am__fastdepCC_TRUE=''
am__fastdepCXX_FALSE='#'
am__fastdepCXX_TRUE=''
am__include='include'
am__isrc=' -I$(srcdir)'
am__leading_dot='.'
am__quote=''
am__tar='${AMTAR} chof - "$$tardir"'
am__untar='${AMTAR} xf -'
bindir='${exec_prefix}/bin'
build='i686-pc-linux-gnu'
build_alias=''
build_cpu='i686'
build_os='linux-gnu'
build_vendor='pc'
datadir='${datarootdir}'
datarootdir='${prefix}/share'
docdir='${datarootdir}/doc/${PACKAGE_TARNAME}'
dvidir='${docdir}'
exec_prefix='${prefix}'
host='i686-pc-linux-gnu'
host_alias=''
host_cpu='i686'
host_os='linux-gnu'
host_vendor='pc'
htmldir='${docdir}'
includedir='${prefix}/include'
infodir='${datarootdir}/info'
install_sh='$(SHELL) /home/thomas/fixmesh/install-sh'
libdir='${exec_prefix}/lib'
libexecdir='${exec_prefix}/libexec'
localedir='${datarootdir}/locale'
localstatedir='${prefix}/var'
lt_ECHO='echo'
mandir='${datarootdir}/man'
mkdir_p='/bin/mkdir -p'
oldincludedir='/usr/include'
pdfdir='${docdir}'
prefix='/usr/local'
program_transform_name='s,x,x,'
psdir='${docdir}'
sbindir='${exec_prefix}/sbin'
sharedstatedir='${prefix}/com'
sysconfdir='${prefix}/etc'
target_alias=''

## ----------- ##
## confdefs.h. ##
## ----------- ##

#define PACKAGE_NAME "fixmesh"
#define PACKAGE_TARNAME "fixmesh"
#define PACKAGE_VERSION "0.1"
#define PACKAGE_STRING "fixmesh 0.1"
#define PACKAGE_BUGREPORT ""
#define PACKAGE "fixmesh"
#define VERSION "0.1"
#define STDC_HEADERS 1
#define GETTEXT_PACKAGE "fixmesh"
#define HAVE_SYS_TYPES_H 1
#define HAVE_SYS_STAT_H 1
#define HAVE_STDLIB_H 1
#define HAVE_STRING_H 1
#define HAVE_MEMORY_H 1
#define HAVE_STRINGS_H 1
#define HAVE_INTTYPES_H 1
#define HAVE_STDINT_H 1
#define HAVE_UNISTD_H 1
#define HAVE_LOCALE_H 1
#define HAVE_LC_MESSAGES 1
#define HAVE_BIND_TEXTDOMAIN_CODESET 1
#define HAVE_GETTEXT 1
#define HAVE_DCGETTEXT 1
#define ENABLE_NLS 1
#define HAVE_DLFCN_H 1
#define LT_OBJDIR ".libs/"

configure: exit 0

## ---------------------- ##
## Running config.status. ##
## ---------------------- ##

This file was extended by fixmesh config.status 0.1, which was
generated by GNU Autoconf 2.63.  Invocation command line was

  CONFIG_FILES    = 
  CONFIG_HEADERS  = 
  CONFIG_LINKS    = 
  CONFIG_COMMANDS = 
  $ ./config.status src/Makefile depfiles

on thomas-desktop

config.status:1117: creating src/Makefile
config.status:1384: executing depfiles commands
